<?xml version="1.0" encoding="UTF-8"?>
<!-- Generated by org.testng.reporters.JUnitReportReporter -->
<testsuite hostname="LAPTOP-KA5SCLD6" failures="1" tests="3" name="RunnerClass.TestNGRunnerClass" time="63.301" errors="0" timestamp="2023-12-05T16:14:58 IST" skipped="0">
  <testcase classname="RunnerClass.TestNGRunnerClass" name="runScenario" time="20.714"/>
  <system-out/>
  <testcase classname="RunnerClass.TestNGRunnerClass" name="runScenario" time="20.547"/>
  <system-out/>
  <testcase classname="RunnerClass.TestNGRunnerClass" name="runScenario" time="22.040">
    <failure message="expected [Beetroot] but found [No data]" type="java.lang.AssertionError">
      <![CDATA[java.lang.AssertionError: expected [Beetroot] but found [No data]
at org.testng.Assert.fail(Assert.java:110)
at org.testng.Assert.failNotEquals(Assert.java:1413)
at org.testng.Assert.assertEqualsImpl(Assert.java:149)
at org.testng.Assert.assertEquals(Assert.java:131)
at org.testng.Assert.assertEquals(Assert.java:655)
at org.testng.Assert.assertEquals(Assert.java:665)
at stepDefinitions.OfferPageStepDefinition.validate_product_name_matches_with_landing_page(OfferPageStepDefinition.java:45)
at ✽.Validate product name matches with landing page(file:///C:/Users/003DQY744/Desktop/Learning/Java_SAP/CucumberBDDCompleteUdemy/src/test/java/featureFiles/SearchProduct.feature:9)
]]>
    </failure>
  </testcase> <!-- runScenario -->
  <system-out/>
</testsuite> <!-- RunnerClass.TestNGRunnerClass -->
